jcohoe@jcohoe-ubuntu18-lab:~$ python restconf_c3850.py | tee output.log
/usr/lib/python2.7/dist-packages/urllib3/connectionpool.py:860: InsecureRequestWarning: Unverified HTTPS request is being made. Adding certificate verification is strongly advised. See: https://urllib3.readthedocs.io/en/latest/advanced-usage.html#ssl-warnings
  InsecureRequestWarning)

{
  "Cisco-IOS-XE-interfaces-oper:interface": [
    {
      "name": "Vlan1",
      "admin-status": "if-state-down",
      "phys-address": "34:6f:90:f5:88:c7",
      "speed": "1024000000",
      "statistics": {
        "in-octets": "0",
        "out-octets": 0
      }
    },
    {
      "name": "GigabitEthernet0/0",
      "admin-status": "if-state-up",
      "phys-address": "34:6f:90:f5:88:80",
      "speed": "1024000000",
      "statistics": {
        "in-octets": "1558455",
        "out-octets": 13345412
      }
    },
    {
      "name": "GigabitEthernet1/0/1",
      "admin-status": "if-state-down",
      "phys-address": "34:6f:90:f5:88:81",
      "speed": "1024000000",
      "statistics": {
        "in-octets": "0",
        "out-octets": 0
      }
    },
    {
      "name": "GigabitEthernet1/0/2",
      "admin-status": "if-state-down",
      "phys-address": "34:6f:90:f5:88:82",
      "speed": "1024000000",
      "statistics": {
        "in-octets": "0",
        "out-octets": 0
      }
    },
    {
      "name": "GigabitEthernet1/0/3",
      "admin-status": "if-state-down",
      "phys-address": "34:6f:90:f5:88:83",
      "speed": "1024000000",
      "statistics": {
        "in-octets": "0",
        "out-octets": 0
      }
    },
    {
      "name": "GigabitEthernet1/0/4",
      "admin-status": "if-state-down",
      "phys-address": "34:6f:90:f5:88:84",
      "speed": "1024000000",
      "statistics": {
        "in-octets": "0",
        "out-octets": 0
      }
    },
    {
      "name": "GigabitEthernet1/0/5",
      "admin-status": "if-state-down",
      "phys-address": "34:6f:90:f5:88:85",
      "speed": "1024000000",
      "statistics": {
        "in-octets": "0",
        "out-octets": 0
      }
    },
    {
      "name": "GigabitEthernet1/0/6",
      "admin-status": "if-state-down",
      "phys-address": "34:6f:90:f5:88:86",
      "speed": "1024000000",
      "statistics": {
        "in-octets": "0",
        "out-octets": 0
      }
    },
    {
      "name": "GigabitEthernet1/0/7",
      "admin-status": "if-state-down",
      "phys-address": "34:6f:90:f5:88:87",
      "speed": "1024000000",
      "statistics": {
        "in-octets": "0",
        "out-octets": 0
      }
    },
    {
      "name": "GigabitEthernet1/0/8",
      "admin-status": "if-state-down",
      "phys-address": "34:6f:90:f5:88:88",
      "speed": "1024000000",
      "statistics": {
        "in-octets": "0",
        "out-octets": 0
      }
    },
    {
      "name": "GigabitEthernet1/0/9",
      "admin-status": "if-state-down",
      "phys-address": "34:6f:90:f5:88:89",
      "speed": "1024000000",
      "statistics": {
        "in-octets": "0",
        "out-octets": 0
      }
    },
    {
      "name": "GigabitEthernet1/0/10",
      "admin-status": "if-state-down",
      "phys-address": "34:6f:90:f5:88:8a",
      "speed": "1024000000",
      "statistics": {
        "in-octets": "0",
        "out-octets": 0
      }
    },
    {
      "name": "GigabitEthernet1/0/11",
      "admin-status": "if-state-down",
      "phys-address": "34:6f:90:f5:88:8b",
      "speed": "1024000000",
      "statistics": {
        "in-octets": "0",
        "out-octets": 0
      }
    },
    {
      "name": "GigabitEthernet1/0/12",
      "admin-status": "if-state-down",
      "phys-address": "34:6f:90:f5:88:8c",
      "speed": "1024000000",
      "statistics": {
        "in-octets": "0",
        "out-octets": 0
      }
    },
    {
      "name": "GigabitEthernet1/0/13",
      "admin-status": "if-state-down",
      "phys-address": "34:6f:90:f5:88:8d",
      "speed": "1024000000",
      "statistics": {
        "in-octets": "0",
        "out-octets": 0
      }
    },
    {
      "name": "GigabitEthernet1/0/14",
      "admin-status": "if-state-down",
      "phys-address": "34:6f:90:f5:88:8e",
      "speed": "1024000000",
      "statistics": {
        "in-octets": "0",
        "out-octets": 0
      }
    },
    {
      "name": "GigabitEthernet1/0/15",
      "admin-status": "if-state-down",
      "phys-address": "34:6f:90:f5:88:8f",
      "speed": "1024000000",
      "statistics": {
        "in-octets": "0",
        "out-octets": 0
      }
    },
    {
      "name": "GigabitEthernet1/0/16",
      "admin-status": "if-state-down",
      "phys-address": "34:6f:90:f5:88:90",
      "speed": "1024000000",
      "statistics": {
        "in-octets": "0",
        "out-octets": 0
      }
    },
    {
      "name": "GigabitEthernet1/0/17",
      "admin-status": "if-state-down",
      "phys-address": "34:6f:90:f5:88:91",
      "speed": "1024000000",
      "statistics": {
        "in-octets": "0",
        "out-octets": 0
      }
    },
    {
      "name": "GigabitEthernet1/0/18",
      "admin-status": "if-state-down",
      "phys-address": "34:6f:90:f5:88:92",
      "speed": "1024000000",
      "statistics": {
        "in-octets": "0",
        "out-octets": 0
      }
    },
    {
      "name": "GigabitEthernet1/0/19",
      "admin-status": "if-state-down",
      "phys-address": "34:6f:90:f5:88:93",
      "speed": "1024000000",
      "statistics": {
        "in-octets": "0",
        "out-octets": 0
      }
    },
    {
      "name": "GigabitEthernet1/0/20",
      "admin-status": "if-state-down",
      "phys-address": "34:6f:90:f5:88:94",
      "speed": "1024000000",
      "statistics": {
        "in-octets": "0",
        "out-octets": 0
      }
    },
    {
      "name": "GigabitEthernet1/0/21",
      "admin-status": "if-state-down",
      "phys-address": "34:6f:90:f5:88:95",
      "speed": "1024000000",
      "statistics": {
        "in-octets": "0",
        "out-octets": 0
      }
    },
    {
      "name": "GigabitEthernet1/0/22",
      "admin-status": "if-state-down",
      "phys-address": "34:6f:90:f5:88:96",
      "speed": "1024000000",
      "statistics": {
        "in-octets": "0",
        "out-octets": 0
      }
    },
    {
      "name": "GigabitEthernet1/0/23",
      "admin-status": "if-state-down",
      "phys-address": "34:6f:90:f5:88:97",
      "speed": "1024000000",
      "statistics": {
        "in-octets": "0",
        "out-octets": 0
      }
    },
    {
      "name": "GigabitEthernet1/0/24",
      "admin-status": "if-state-down",
      "phys-address": "34:6f:90:f5:88:98",
      "speed": "1024000000",
      "statistics": {
        "in-octets": "0",
        "out-octets": 0
      }
    },
    {
      "name": "GigabitEthernet1/1/1",
      "admin-status": "if-state-down",
      "phys-address": "34:6f:90:f5:88:99",
      "speed": "1024000000",
      "statistics": {
        "in-octets": "0",
        "out-octets": 0
      }
    },
    {
      "name": "GigabitEthernet1/1/2",
      "admin-status": "if-state-down",
      "phys-address": "34:6f:90:f5:88:9a",
      "speed": "1024000000",
      "statistics": {
        "in-octets": "0",
        "out-octets": 0
      }
    },
    {
      "name": "GigabitEthernet1/1/3",
      "admin-status": "if-state-down",
      "phys-address": "34:6f:90:f5:88:9b",
      "speed": "1024000000",
      "statistics": {
        "in-octets": "0",
        "out-octets": 0
      }
    },
    {
      "name": "GigabitEthernet1/1/4",
      "admin-status": "if-state-down",
      "phys-address": "34:6f:90:f5:88:9c",
      "speed": "1024000000",
      "statistics": {
        "in-octets": "0",
        "out-octets": 0
      }
    },
    {
      "name": "TenGigabitEthernet1/1/1",
      "admin-status": "if-state-down",
      "phys-address": "34:6f:90:f5:88:9d",
      "speed": "1650065408",
      "statistics": {
        "in-octets": "0",
        "out-octets": 0
      }
    },
    {
      "name": "TenGigabitEthernet1/1/2",
      "admin-status": "if-state-down",
      "phys-address": "34:6f:90:f5:88:9e",
      "speed": "1650065408",
      "statistics": {
        "in-octets": "0",
        "out-octets": 0
      }
    },
    {
      "name": "TenGigabitEthernet1/1/3",
      "admin-status": "if-state-down",
      "phys-address": "34:6f:90:f5:88:9f",
      "speed": "1650065408",
      "statistics": {
        "in-octets": "0",
        "out-octets": 0
      }
    },
    {
      "name": "TenGigabitEthernet1/1/4",
      "admin-status": "if-state-down",
      "phys-address": "34:6f:90:f5:88:a0",
      "speed": "1650065408",
      "statistics": {
        "in-octets": "0",
        "out-octets": 0
      }
    },
    {
      "name": "Control Plane",
      "admin-status": "if-state-up",
      "phys-address": "00:00:00:00:00:00",
      "speed": "1650065408",
      "statistics": {
        "in-octets": "0",
        "out-octets": 0
      }
    }
  ]
}

jcohoe@jcohoe-ubuntu18-lab:~$
